# JRE version: OpenJDK Runtime Environment (8.0_76-b03) (build 1.8.0_76-release-b03)
# Java VM: OpenJDK 64-Bit Server VM (25.76-b03 mixed mode windows-amd64 compressed oops)
Heap:
 PSYoungGen      total 388096K, used 213651K [0x00000000e0000000, 0x00000000fff80000, 0x0000000100000000)
  eden space 251904K, 63% used [0x00000000e0000000,0x00000000e9b71198,0x00000000ef600000)
  from space 136192K, 40% used [0x00000000ef600000,0x00000000f2b33d80,0x00000000f7b00000)
  to   space 133120K, 0% used [0x00000000f7d80000,0x00000000f7d80000,0x00000000fff80000)
 ParOldGen       total 669696K, used 524250K [0x00000000a0000000, 0x00000000c8e00000, 0x00000000e0000000)
  object space 669696K, 78% used [0x00000000a0000000,0x00000000bfff68d8,0x00000000c8e00000)
 Metaspace       used 74336K, capacity 76496K, committed 78592K, reserved 1118208K
  class space    used 9784K, capacity 10217K, committed 10496K, reserved 1048576K
GC Heap History (10 events):
Event: 187.751 GC heap before
{Heap before GC invocations=56 (full 9):
 PSYoungGen      total 392704K, used 82559K [0x00000000e0000000, 0x00000000fff80000, 0x0000000100000000)
  eden space 267264K, 0% used [0x00000000e0000000,0x00000000e0000000,0x00000000f0500000)
  from space 125440K, 65% used [0x00000000f0500000,0x00000000f559fc78,0x00000000f7f80000)
  to   space 124928K, 0% used [0x00000000f8580000,0x00000000f8580000,0x00000000fff80000)
 ParOldGen       total 502272K, used 444484K [0x00000000a0000000, 0x00000000bea80000, 0x00000000e0000000)
  object space 502272K, 88% used [0x00000000a0000000,0x00000000bb2112d0,0x00000000bea80000)
 Metaspace       used 74296K, capacity 76472K, committed 78592K, reserved 1118208K
  class space    used 9779K, capacity 10213K, committed 10496K, reserved 1048576K
Event: 189.499 GC heap after
Heap after GC invocations=56 (full 9):
 PSYoungGen      total 392704K, used 0K [0x00000000e0000000, 0x00000000fff80000, 0x0000000100000000)
  eden space 267264K, 0% used [0x00000000e0000000,0x00000000e0000000,0x00000000f0500000)
  from space 125440K, 0% used [0x00000000f0500000,0x00000000f0500000,0x00000000f7f80000)
  to   space 124928K, 0% used [0x00000000f8580000,0x00000000f8580000,0x00000000fff80000)
 ParOldGen       total 669696K, used 386560K [0x00000000a0000000, 0x00000000c8e00000, 0x00000000e0000000)
  object space 669696K, 57% used [0x00000000a0000000,0x00000000b7980130,0x00000000c8e00000)
 Metaspace       used 74296K, capacity 76472K, committed 78592K, reserved 1118208K
  class space    used 9779K, capacity 10213K, committed 10496K, reserved 1048576K
}
Event: 189.953 GC heap before
{Heap before GC invocations=57 (full 9):
 PSYoungGen      total 392704K, used 267264K [0x00000000e0000000, 0x00000000fff80000, 0x0000000100000000)
  eden space 267264K, 100% used [0x00000000e0000000,0x00000000f0500000,0x00000000f0500000)
  from space 125440K, 0% used [0x00000000f0500000,0x00000000f0500000,0x00000000f7f80000)
  to   space 124928K, 0% used [0x00000000f8580000,0x00000000f8580000,0x00000000fff80000)
 ParOldGen       total 669696K, used 386560K [0x00000000a0000000, 0x00000000c8e00000, 0x00000000e0000000)
  object space 669696K, 57% used [0x00000000a0000000,0x00000000b7980130,0x00000000c8e00000)
 Metaspace       used 74296K, capacity 76472K, committed 78592K, reserved 1118208K
  class space    used 9779K, capacity 10213K, committed 10496K, reserved 1048576K
Event: 190.041 GC heap after
Heap after GC invocations=57 (full 9):
 PSYoungGen      total 388608K, used 67497K [0x00000000e0000000, 0x00000000ff580000, 0x0000000100000000)
  eden space 273920K, 0% used [0x00000000e0000000,0x00000000e0000000,0x00000000f0b80000)
  from space 114688K, 58% used [0x00000000f8580000,0x00000000fc76a608,0x00000000ff580000)
  to   space 119808K, 0% used [0x00000000f0b80000,0x00000000f0b80000,0x00000000f8080000)
 ParOldGen       total 669696K, used 386560K [0x00000000a0000000, 0x00000000c8e00000, 0x00000000e0000000)
  object space 669696K, 57% used [0x00000000a0000000,0x00000000b7980130,0x00000000c8e00000)
 Metaspace       used 74296K, capacity 76472K, committed 78592K, reserved 1118208K
  class space    used 9779K, capacity 10213K, committed 10496K, reserved 1048576K
}
Event: 190.530 GC heap before
{Heap before GC invocations=58 (full 9):
 PSYoungGen      total 388608K, used 341417K [0x00000000e0000000, 0x00000000ff580000, 0x0000000100000000)
  eden space 273920K, 100% used [0x00000000e0000000,0x00000000f0b80000,0x00000000f0b80000)
  from space 114688K, 58% used [0x00000000f8580000,0x00000000fc76a608,0x00000000ff580000)
  to   space 119808K, 0% used [0x00000000f0b80000,0x00000000f0b80000,0x00000000f8080000)
 ParOldGen       total 669696K, used 386560K [0x00000000a0000000, 0x00000000c8e00000, 0x00000000e0000000)
  object space 669696K, 57% used [0x00000000a0000000,0x00000000b7980130,0x00000000c8e00000)
 Metaspace       used 74296K, capacity 76472K, committed 78592K, reserved 1118208K
  class space    used 9779K, capacity 10213K, committed 10496K, reserved 1048576K
Event: 190.687 GC heap after
Heap after GC invocations=58 (full 9):
 PSYoungGen      total 393728K, used 119803K [0x00000000e0000000, 0x0000000100000000, 0x0000000100000000)
  eden space 273920K, 0% used [0x00000000e0000000,0x00000000e0000000,0x00000000f0b80000)
  from space 119808K, 99% used [0x00000000f0b80000,0x00000000f807ed20,0x00000000f8080000)
  to   space 130560K, 0% used [0x00000000f8080000,0x00000000f8080000,0x0000000100000000)
 ParOldGen       total 669696K, used 399740K [0x00000000a0000000, 0x00000000c8e00000, 0x00000000e0000000)
  object space 669696K, 59% used [0x00000000a0000000,0x00000000b865f180,0x00000000c8e00000)
 Metaspace       used 74296K, capacity 76472K, committed 78592K, reserved 1118208K
  class space    used 9779K, capacity 10213K, committed 10496K, reserved 1048576K
}
Event: 191.226 GC heap before
{Heap before GC invocations=59 (full 9):
 PSYoungGen      total 393728K, used 393723K [0x00000000e0000000, 0x0000000100000000, 0x0000000100000000)
  eden space 273920K, 100% used [0x00000000e0000000,0x00000000f0b80000,0x00000000f0b80000)
  from space 119808K, 99% used [0x00000000f0b80000,0x00000000f807ed20,0x00000000f8080000)
  to   space 130560K, 0% used [0x00000000f8080000,0x00000000f8080000,0x0000000100000000)
 ParOldGen       total 669696K, used 399740K [0x00000000a0000000, 0x00000000c8e00000, 0x00000000e0000000)
  object space 669696K, 59% used [0x00000000a0000000,0x00000000b865f180,0x00000000c8e00000)
 Metaspace       used 74306K, capacity 76472K, committed 78592K, reserved 1118208K
  class space    used 9779K, capacity 10213K, committed 10496K, reserved 1048576K
Event: 191.415 GC heap after
Heap after GC invocations=59 (full 9):
 PSYoungGen      total 382464K, used 51490K [0x00000000e0000000, 0x0000000100000000, 0x0000000100000000)
  eden space 251904K, 0% used [0x00000000e0000000,0x00000000e0000000,0x00000000ef600000)
  from space 130560K, 39% used [0x00000000f8080000,0x00000000fb2c8b28,0x0000000100000000)
  to   space 136192K, 0% used [0x00000000ef600000,0x00000000ef600000,0x00000000f7b00000)
 ParOldGen       total 669696K, used 477015K [0x00000000a0000000, 0x00000000c8e00000, 0x00000000e0000000)
  object space 669696K, 71% used [0x00000000a0000000,0x00000000bd1d5ec8,0x00000000c8e00000)
 Metaspace       used 74306K, capacity 76472K, committed 78592K, reserved 1118208K
  class space    used 9779K, capacity 10213K, committed 10496K, reserved 1048576K
}
Event: 191.836 GC heap before
{Heap before GC invocations=60 (full 9):
 PSYoungGen      total 382464K, used 303394K [0x00000000e0000000, 0x0000000100000000, 0x0000000100000000)
  eden space 251904K, 100% used [0x00000000e0000000,0x00000000ef600000,0x00000000ef600000)
  from space 130560K, 39% used [0x00000000f8080000,0x00000000fb2c8b28,0x0000000100000000)
  to   space 136192K, 0% used [0x00000000ef600000,0x00000000ef600000,0x00000000f7b00000)
 ParOldGen       total 669696K, used 477015K [0x00000000a0000000, 0x00000000c8e00000, 0x00000000e0000000)
  object space 669696K, 71% used [0x00000000a0000000,0x00000000bd1d5ec8,0x00000000c8e00000)
 Metaspace       used 74306K, capacity 76472K, committed 78592K, reserved 1118208K
  class space    used 9779K, capacity 10213K, committed 10496K, reserved 1048576K
Event: 191.990 GC heap after
Heap after GC invocations=60 (full 9):
 PSYoungGen      total 388096K, used 54479K [0x00000000e0000000, 0x00000000fff80000, 0x0000000100000000)
  eden space 251904K, 0% used [0x00000000e0000000,0x00000000e0000000,0x00000000ef600000)
  from space 136192K, 40% used [0x00000000ef600000,0x00000000f2b33d80,0x00000000f7b00000)
  to   space 133120K, 0% used [0x00000000f7d80000,0x00000000f7d80000,0x00000000fff80000)
 ParOldGen       total 669696K, used 524250K [0x00000000a0000000, 0x00000000c8e00000, 0x00000000e0000000)
  object space 669696K, 78% used [0x00000000a0000000,0x00000000bfff68d8,0x00000000c8e00000)
 Metaspace       used 74306K, capacity 76472K, committed 78592K, reserved 1118208K
  class space    used 9779K, capacity 10213K, committed 10496K, reserved 1048576K
}

