# JRE version: OpenJDK Runtime Environment (8.0_76-b03) (build 1.8.0_76-release-b03)
# Java VM: OpenJDK 64-Bit Server VM (25.76-b03 mixed mode windows-amd64 compressed oops)
Heap:
 PSYoungGen      total 363008K, used 117595K [0x00000000e0000000, 0x0000000100000000, 0x0000000100000000)
  eden space 201728K, 36% used [0x00000000e0000000,0x00000000e477e900,0x00000000ec500000)
  from space 161280K, 27% used [0x00000000ec500000,0x00000000ef0584d0,0x00000000f6280000)
  to   space 158720K, 0% used [0x00000000f6500000,0x00000000f6500000,0x0000000100000000)
 ParOldGen       total 442880K, used 343585K [0x00000000a0000000, 0x00000000bb080000, 0x00000000e0000000)
  object space 442880K, 77% used [0x00000000a0000000,0x00000000b4f88758,0x00000000bb080000)
 Metaspace       used 70559K, capacity 72526K, committed 74112K, reserved 1114112K
  class space    used 9397K, capacity 9828K, committed 10112K, reserved 1048576K
GC Heap History (10 events):
Event: 252.391 GC heap before
{Heap before GC invocations=42 (full 7):
 PSYoungGen      total 342528K, used 266752K [0x00000000e0000000, 0x00000000ff780000, 0x0000000100000000)
  eden space 266752K, 100% used [0x00000000e0000000,0x00000000f0480000,0x00000000f0480000)
  from space 75776K, 0% used [0x00000000f0480000,0x00000000f0480000,0x00000000f4e80000)
  to   space 124416K, 0% used [0x00000000f7e00000,0x00000000f7e00000,0x00000000ff780000)
 ParOldGen       total 442880K, used 338934K [0x00000000a0000000, 0x00000000bb080000, 0x00000000e0000000)
  object space 442880K, 76% used [0x00000000a0000000,0x00000000b4afdab0,0x00000000bb080000)
 Metaspace       used 70326K, capacity 72278K, committed 74112K, reserved 1114112K
  class space    used 9373K, capacity 9792K, committed 10112K, reserved 1048576K
Event: 252.482 GC heap after
Heap after GC invocations=42 (full 7):
 PSYoungGen      total 396800K, used 63504K [0x00000000e0000000, 0x0000000100000000, 0x0000000100000000)
  eden space 272384K, 0% used [0x00000000e0000000,0x00000000e0000000,0x00000000f0a00000)
  from space 124416K, 51% used [0x00000000f7e00000,0x00000000fbc043f0,0x00000000ff780000)
  to   space 118784K, 0% used [0x00000000f0a00000,0x00000000f0a00000,0x00000000f7e00000)
 ParOldGen       total 442880K, used 338934K [0x00000000a0000000, 0x00000000bb080000, 0x00000000e0000000)
  object space 442880K, 76% used [0x00000000a0000000,0x00000000b4afdab0,0x00000000bb080000)
 Metaspace       used 70326K, capacity 72278K, committed 74112K, reserved 1114112K
  class space    used 9373K, capacity 9792K, committed 10112K, reserved 1048576K
}
Event: 253.116 GC heap before
{Heap before GC invocations=43 (full 7):
 PSYoungGen      total 396800K, used 335888K [0x00000000e0000000, 0x0000000100000000, 0x0000000100000000)
  eden space 272384K, 100% used [0x00000000e0000000,0x00000000f0a00000,0x00000000f0a00000)
  from space 124416K, 51% used [0x00000000f7e00000,0x00000000fbc043f0,0x00000000ff780000)
  to   space 118784K, 0% used [0x00000000f0a00000,0x00000000f0a00000,0x00000000f7e00000)
 ParOldGen       total 442880K, used 338934K [0x00000000a0000000, 0x00000000bb080000, 0x00000000e0000000)
  object space 442880K, 76% used [0x00000000a0000000,0x00000000b4afdab0,0x00000000bb080000)
 Metaspace       used 70326K, capacity 72278K, committed 74112K, reserved 1114112K
  class space    used 9373K, capacity 9792K, committed 10112K, reserved 1048576K
Event: 253.274 GC heap after
Heap after GC invocations=43 (full 7):
 PSYoungGen      total 391168K, used 103521K [0x00000000e0000000, 0x0000000100000000, 0x0000000100000000)
  eden space 272384K, 0% used [0x00000000e0000000,0x00000000e0000000,0x00000000f0a00000)
  from space 118784K, 87% used [0x00000000f0a00000,0x00000000f6f18470,0x00000000f7e00000)
  to   space 128000K, 0% used [0x00000000f8300000,0x00000000f8300000,0x0000000100000000)
 ParOldGen       total 442880K, used 338942K [0x00000000a0000000, 0x00000000bb080000, 0x00000000e0000000)
  object space 442880K, 76% used [0x00000000a0000000,0x00000000b4affab0,0x00000000bb080000)
 Metaspace       used 70326K, capacity 72278K, committed 74112K, reserved 1114112K
  class space    used 9373K, capacity 9792K, committed 10112K, reserved 1048576K
}
Event: 253.767 GC heap before
{Heap before GC invocations=44 (full 7):
 PSYoungGen      total 391168K, used 375905K [0x00000000e0000000, 0x0000000100000000, 0x0000000100000000)
  eden space 272384K, 100% used [0x00000000e0000000,0x00000000f0a00000,0x00000000f0a00000)
  from space 118784K, 87% used [0x00000000f0a00000,0x00000000f6f18470,0x00000000f7e00000)
  to   space 128000K, 0% used [0x00000000f8300000,0x00000000f8300000,0x0000000100000000)
 ParOldGen       total 442880K, used 338942K [0x00000000a0000000, 0x00000000bb080000, 0x00000000e0000000)
  object space 442880K, 76% used [0x00000000a0000000,0x00000000b4affab0,0x00000000bb080000)
 Metaspace       used 70327K, capacity 72278K, committed 74112K, reserved 1114112K
  class space    used 9373K, capacity 9792K, committed 10112K, reserved 1048576K
Event: 253.971 GC heap after
Heap after GC invocations=44 (full 7):
 PSYoungGen      total 329728K, used 127969K [0x00000000e0000000, 0x0000000100000000, 0x0000000100000000)
  eden space 201728K, 0% used [0x00000000e0000000,0x00000000e0000000,0x00000000ec500000)
  from space 128000K, 99% used [0x00000000f8300000,0x00000000ffff8538,0x0000000100000000)
  to   space 161280K, 0% used [0x00000000ec500000,0x00000000ec500000,0x00000000f6280000)
 ParOldGen       total 442880K, used 384067K [0x00000000a0000000, 0x00000000bb080000, 0x00000000e0000000)
  object space 442880K, 86% used [0x00000000a0000000,0x00000000b7710fc8,0x00000000bb080000)
 Metaspace       used 70327K, capacity 72278K, committed 74112K, reserved 1114112K
  class space    used 9373K, capacity 9792K, committed 10112K, reserved 1048576K
}
Event: 253.971 GC heap before
{Heap before GC invocations=45 (full 8):
 PSYoungGen      total 329728K, used 127969K [0x00000000e0000000, 0x0000000100000000, 0x0000000100000000)
  eden space 201728K, 0% used [0x00000000e0000000,0x00000000e0000000,0x00000000ec500000)
  from space 128000K, 99% used [0x00000000f8300000,0x00000000ffff8538,0x0000000100000000)
  to   space 161280K, 0% used [0x00000000ec500000,0x00000000ec500000,0x00000000f6280000)
 ParOldGen       total 442880K, used 384067K [0x00000000a0000000, 0x00000000bb080000, 0x00000000e0000000)
  object space 442880K, 86% used [0x00000000a0000000,0x00000000b7710fc8,0x00000000bb080000)
 Metaspace       used 70327K, capacity 72278K, committed 74112K, reserved 1114112K
  class space    used 9373K, capacity 9792K, committed 10112K, reserved 1048576K
Event: 257.105 GC heap after
Heap after GC invocations=45 (full 8):
 PSYoungGen      total 329728K, used 0K [0x00000000e0000000, 0x0000000100000000, 0x0000000100000000)
  eden space 201728K, 0% used [0x00000000e0000000,0x00000000e0000000,0x00000000ec500000)
  from space 128000K, 0% used [0x00000000f8300000,0x00000000f8300000,0x0000000100000000)
  to   space 161280K, 0% used [0x00000000ec500000,0x00000000ec500000,0x00000000f6280000)
 ParOldGen       total 442880K, used 343585K [0x00000000a0000000, 0x00000000bb080000, 0x00000000e0000000)
  object space 442880K, 77% used [0x00000000a0000000,0x00000000b4f88758,0x00000000bb080000)
 Metaspace       used 70327K, capacity 72278K, committed 74112K, reserved 1114112K
  class space    used 9373K, capacity 9792K, committed 10112K, reserved 1048576K
}
Event: 257.553 GC heap before
{Heap before GC invocations=46 (full 8):
 PSYoungGen      total 329728K, used 201728K [0x00000000e0000000, 0x0000000100000000, 0x0000000100000000)
  eden space 201728K, 100% used [0x00000000e0000000,0x00000000ec500000,0x00000000ec500000)
  from space 128000K, 0% used [0x00000000f8300000,0x00000000f8300000,0x0000000100000000)
  to   space 161280K, 0% used [0x00000000ec500000,0x00000000ec500000,0x00000000f6280000)
 ParOldGen       total 442880K, used 343585K [0x00000000a0000000, 0x00000000bb080000, 0x00000000e0000000)
  object space 442880K, 77% used [0x00000000a0000000,0x00000000b4f88758,0x00000000bb080000)
 Metaspace       used 70335K, capacity 72278K, committed 74112K, reserved 1114112K
  class space    used 9374K, capacity 9792K, committed 10112K, reserved 1048576K
Event: 257.628 GC heap after
Heap after GC invocations=46 (full 8):
 PSYoungGen      total 363008K, used 44385K [0x00000000e0000000, 0x0000000100000000, 0x0000000100000000)
  eden space 201728K, 0% used [0x00000000e0000000,0x00000000e0000000,0x00000000ec500000)
  from space 161280K, 27% used [0x00000000ec500000,0x00000000ef0584d0,0x00000000f6280000)
  to   space 158720K, 0% used [0x00000000f6500000,0x00000000f6500000,0x0000000100000000)
 ParOldGen       total 442880K, used 343585K [0x00000000a0000000, 0x00000000bb080000, 0x00000000e0000000)
  object space 442880K, 77% used [0x00000000a0000000,0x00000000b4f88758,0x00000000bb080000)
 Metaspace       used 70335K, capacity 72278K, committed 74112K, reserved 1114112K
  class space    used 9374K, capacity 9792K, committed 10112K, reserved 1048576K
}

